0.txt---start---
title: 精准监督 阳光检察
filecontent: 精准监督 阳光检察（法治头条・关注执法司法制约监督③）图①：河北省秦皇岛市，工作人员为检察公益诉讼观察员发放聘书。曹建雄摄（人民视觉）图②：重庆市巫溪县检察院开展联合巡山活动，助力林业生态保护。黄 伟摄（新华社发）图③：江苏省南通市港闸区检察院运用远程视频连线方式出庭公诉相关案件。王俊荣摄（人民视觉）“检务督察工作一直处于幕后，现如今走到了台前，成为提升办案质效的助力。”在北京市海淀区人民检察院，该院检务督察部主任齐沁霞告诉记者，为进一步完善内部制约监督机制，他们高频次开展检务接待、出庭公诉、办理群众来信等办案现场督察，发现问题早预防，促进执法规范化。仅4―6月，就通过4天的现场执法监督，6天的查看视频直播加翻看回放的方式，对73件案件的接待情况进行检查。司法责任制是司法体制改革的“牛鼻子”，制约监督机制则是牵住“牛鼻子”的缰绳。检察机关作为法律监督机关，一方面肩负着法律赋予的监督职能，另一方面也同样面临着自身如何接受监督的问题。近年来，各级检察机关深刻把握执法司法权运行规律特点，在执法司法制约监督上不断探索经验、创新机制，使权力规范运行。精准监督让虚假诉讼无所遁形虚假诉讼，俗称“打假官司”，表面上在用法律手段起诉、申请执行等“伸张权利”，但实际上是为实现不法目的。“涉案借条中出借人姓名空白、无利息约定，无支付凭证，被告亦缺席庭审，实为‘套路贷’团伙为获取非法利益打‘假官司’。”今年最高人民检察院工作报告里，一起发生在浙江绍兴的虚假诉讼典型案例被写入其中。原来，绍兴上虞检察院在办案中发现，彭某于2016年6月至2018年5月期间，在法院频繁进行民间借贷纠纷案件的起诉、撤诉与申请执行，法院为此作出的相应生效裁判案件多达50件，金额共计200余万元。发现案件可疑后，绍兴检察机关通过自行研发的“民事裁判智慧监督系统”进一步比对分析，认为该批借贷案件中的借条疑点重重，涉嫌虚假诉讼的可能性极大。经进一步调查核实后，这些案件不仅确实存在虚假诉讼情形，且背后还存在一个以程某、彭某等人为首的高利贷犯罪团伙，可能制造参与了一系列涉黑涉恶犯罪活动，遂将相关犯罪线索移送公安机关。绍兴市检察机关通过抗诉、再审检察建议等方式对以彭某为原告的50件民事虚假诉讼案件实施检察监督，法院启动再审后均撤销原判予以改判。据介绍，最高检部署在全国检察机关开展虚假诉讼专项监督活动，取得积极成效，仅2019年就纠正虚假诉讼3300件，对涉嫌犯罪的起诉1270人。类似彭某等人的虚假诉讼能最终被纠正，就是因为检察机关的“精准监督”。何谓精准监督？就是检察机关针对法院审结的大量民商事案件，优先选择那些在司法理念、政策导向、法律适用方面有创新、引领价值的典型案件开展法律监督，力争通过办理一案促进解决一个领域、一个地方、一个时期司法理念、政策、导向的问题。“精准监督应实现以点带面的监督效果，扩大监督的效应，以实现双赢、多赢和共赢。”最高检第六检察厅厅长冯小光说。今年2月11日，江苏省淮安市淮安区检察院收到某公司来信，反映法院超标查封其银行资金1349万元。淮安区检察院立案后克服疫情防控时期不利因素，突出强调办案效率，仅用两日即向法院发出检察建议，并督促法院对超标的查封资金予以解封，与法院共同为该公司复工复产提供法治保障。据统计，2019年，全国民事检察部门精准提出抗诉约5000件，同比上升28.9%，法院同期再审改变3053件；提出再审检察建议7800余件，同比上升93.6%，法院同期采纳4536件，真正做到了敢于监督、善于监督。刀刃向内筑牢防线杜绝“灯下黑”2019年5月，时任某市级检察院法警支队政委的陈某给辖区内某基层检察院检察官郝某、陈某打电话，询问该院正在办理的一起案件是否起诉到法院、何时起诉到法院，能否关照一下？郝某、陈某予以拒绝，并告知陈某不要来说情。这不是陈某第一次违规过问或干预下级检察院办案。2019年8月，在最高检组织开展过问或干预、插手检察办案等重大事项进行集中填报时，多名曾被其打过“招呼”的检察官及时作了补报，陈某利用上级检察院部门负责人的身份，接受案件当事人或亲友请托，多次插手下级院办案的问题终于曝光。身为法律监督机关，如何杜绝“灯下黑”？政法各系统内部制约监督具有直接性、专业性、及时性等特点，检察院内部制约监督制度机制是防止司法权滥用的重要防线。认罪认罚从宽是近年来检察制度改革中各界关注的一个焦点。“严防依法协商变成权钱交易，是认罪认罚从宽制度行稳致远的根本保障。”最高检第一检察厅厅长苗生明表示，在办理认罪认罚案件中，检察官既承担着更多更大的责任，甚至是主导性的责任，又要在认罪教育、刑事和解、控辩协商、量刑建议等方面与犯罪嫌疑人、被害人、律师进行大量的沟通协商，“与案件相关人员接触增多，容易被‘围猎’。”为此，今年5月最高检制定出台《人民检察院办理认罪认罚案件监督管理办法》，有针对性地对检察官办理认罪认罚案件的权力运行机制、监督管理措施等作出明确规定，进一步扎紧了依法规范适用认罪认罚从宽制度的“篱笆”。不仅如此，最高检近日还印发《人民检察院刑事案件办理流程监控要点》，立足于案件办理中的突出程序性问题，有机整合散见于85部不同法律、法规、司法解释、规范性文件中与刑事案件办理有关的程序性规定，使得监控更加体系化、标准化。“新形势下，认罪认罚从宽制度、捕诉一体办案模式等对提升检察官整体司法能力提出了更高要求。”最高检案件管理办公室主任董桂文表示，《要点》通过对司法办案全程、同步、动态监督，增强严格规范司法的刚性约束，对于强化内部监督制约，有针对性地防范和纠正司法办案中存在的突出问题，具有重要作用。阳光听证严防人情案关系案“过去，一提起刑事案件不捕不诉，很多承办人都犯难，怕别人以为自己办人情案。” 宁夏回族自治区同心县检察院检察长马万清说，自从对不捕不诉案件积极适用公开听证审查在该院成了常态，检察官们在依法办案时就不必再有这样的顾虑。2019年12月10日，杨某因涉嫌交通肇事罪被移送到同心县检察院审查起诉。这是一宗事实清楚、证据充分的普通刑事案件，按照以往的做法，这类案件按程序移送起诉即可。不过，案中一份谅解书引起了检察官的注意。原来，事故发生后，犯罪嫌疑人杨某积极参与被害人救治，主动向周某的家人道歉，并赔偿53万元，取得了其家人的谅解。特别是杨某在事故发生后主动自首，并且自愿认罪认罚。“综合整个案情，我们拟对杨某作相对不起诉。但为增加办案透明度，避免群众对‘暗箱操作’的疑虑，决定进行公开听证。”该案承办检察官说。听证会上，被害人家属表示希望对其宽大处理，同时经听取公安机关办案人员、值班律师的意见，听证代表认为对杨某作相对不起诉处理，体现了宽严相济的刑事政策，实现了政治效果、法律效果和社会效果的有机统一，完全同意检察院拟作出相对不起诉的决定。阳光是最好的“防腐剂”，主动把司法活动依法向当事人和社会公开，不仅暗箱操作失去了空间，司法公信力也会得到显著提升。“去年一年最高检直接举办了8起公开听证，只要是疑难复杂、久诉不决，以及重大、典型、有代表性的案件，申诉人提出公开听证要求，其他当事人都同意，就邀请人民监督员、人大代表、政协委员、律师、新闻媒体一起来摆事实、讲道理。”最高人民检察院第十检察厅厅长徐向春表示，下一步要将公开听证作为办理申诉案件的常态化办案机制来做。社会监督的引入，已成为规范检察机关办案活动的重要助力。近日，最高检就印发实施《人民检察院办案活动接受人民监督员监督的规定》，从规范人民检察院接受人民监督员监督的角度，对人民监督员监督检察办案活动作出全面调整和完善。据介绍，《规定》扩大了人民监督员监督案件的途径和渠道，比如参加案件公开听证、公开审查，检察官出庭公诉活动，巡回检察活动，检察建议的研究提出、督促落实等。“还明确规定人民监督员依法独立发表监督意见，人民检察院应当记录在案，并列入检察案卷，全程留痕。”最高检相关负责人表示，类似这样的规定都是旨在保障人民监督员对办案活动实行监督，真正强化监督刚性。（记者 张 璁）
已完成聚类
[43.602321713337666, 18.35216195707963, 57.15626021277967, 213.71326380353273]
[11.859396686644006, 86.79690321482231, 191.6201705514742, 309.8841198426107, 325.31325960647854, 668.8382196096998]
[1438.0925329843835]
[227.18213890153805, 236.71935188379794, 343.54443807564735, 123.18169547916935, 164.04018328417985, 501.85671414862855, 510.82462894036706, 491.4792716143413]
[227.250141398021, 88.2463691083515, 265.4324860772429, 875.6744928303364, 1270.4653415483983, 1047.4591513550288]
[525.6761951325211, 1157.989166738026]
[95.04370510553015, 115.06312930449941, 149.40656411596555, 191.87136853677555, 222.06644485119946, 261.8381157383076]
[58.2846265616747, 37.575638088409335, 131.4583720462838, 151.81631183837354, 225.9650483392302, 323.93558161777145, 349.29894980112056]
[7.464640601963412, 26.757102092732463, 138.07094230961158, 277.6477195635067, 464.1951866312832, 481.2787158157215, 180.40270550544201, 545.8066764544188, 878.4160722421368, 823.2573186783927]
[0.00022293239008292542, 0.39585987007023105, 0.3816482111730553, 2.2351104099929517, 2.4067767128124484, 0.9897070367919668, 1.6157103170573026, 9.608906355435993, 12.120708428487392, 4.374493319800251, 4.959823223641277, 17.42866036355481, 6.662165292505164, 6.564091771074579, 20.914389126258634, 21.151739403675148, 23.028689487570283, 25.036822951701602, 27.145622863688995, 27.600001045288664, 29.332421966234385, 28.564170442490433]
[10.179545061968387, 58.745355042571944, 26.70182794462282, 49.70489355685431]
精准监督
图①：河北省秦皇岛市，工作人员为检察公益诉讼观察员发放聘书
图②：重庆市巫溪县检察院开展联合巡山活动，助力林业生态保护
司法责任制是司法体制改革的“牛鼻子”，制约监督机制则是牵住“牛鼻子”的缰绳
让虚假诉讼无所遁形
虚假诉讼，俗称“打假官司”，表面上在用法律手段起诉、申请执行等“伸张权利”，但实际上是为实现不法目的
”今年最高人民检察院工作报告里，一起发生在浙江绍兴的虚假诉讼典型案例被写入其中
原来，绍兴上虞检察院在办案中发现，彭某于2016年6月至2018年5月期间，在法院频繁进行民间借贷纠纷案件的起诉、撤诉与申请执行，法院为此作出的相应生效裁判案件多达50件，金额共计200余万元
经进一步调查核实后，这些案件不仅确实存在虚假诉讼情形，且背后还存在一个以程某、彭某等人为首的高利贷犯罪团伙，可能制造参与了一系列涉黑涉恶犯罪活动，遂将相关犯罪线索移送公安机关
”最高检第一检察厅厅长苗生明表示，在办理认罪认罚案件中，检察官既承担着更多更大的责任，甚至是主导性的责任，又要在认罪教育、刑事和解、控辩协商、量刑建议等方面与犯罪嫌疑人、被害人、律师进行大量的沟通协商，“与案件相关人员接触增多，容易被‘围猎’
不仅如此，最高检近日还印发《人民检察院刑事案件办理流程监控要点》，立足于案件办理中的突出程序性问题，有机整合散见于85部不同法律、法规、司法解释、规
---------------------------------
rouge_1=(0.00946372239747634, 0.6, 0.018633540372670808)
rouge_2=(0.0031645569620253164, 0.25, 0.0062499999999999995)
rouge_L=(0.006956521739130435, 0.4444444444444444, 0.0069581992926697435)
1.txt---start---
title: 临夏中院信息化建设工作综述
filecontent: 近年来，临夏法院以打造“智慧化法院”为目标，深度推进诉讼服务现代化、审判辅助智能化、司法管理网络化，真正实现让数据“跑起来”，落实“向科技要效率”的工作思路，审判执行工作的效率、效果得到极大的提高，法官的司法行为得到了规范，司法透明度得到了进一步增强，人民群众的满意度得到有效提升。全力推进审判工作智能化不断加大投入，全面完善基础设施，先后建成数字法院业务应用系统平台、审判执行综合指挥中心、“12368”诉讼服务热线、电子档案管理系统、科技法庭、数字化审委会系统、庭审直播、点播系统、远程视频接访系统、远程调解系统、审务督查系统、文书直报和文书校对系统、诉讼服务大厅建设、两个“一站式”建设等智能化办案平台，突出硬件建设、软件应用、安全保障等工作。全州两级法院现已建成52个科技法庭，均实现庭审录像网络直播，让群众可以随时随地的观看案件庭审的直播现场。在疫情防控时期，积极推进在线立案、在线庭审、在线调解等线上诉讼活动的常态化、智能化、规范化，切实保障当事人各项诉讼权利，最大限度维护当事人合法权益。全力推进服务举措多元化在立案大厅建成便民诉讼服务平台，安装触摸式查询机、当事人可以通过第二代身份证感应系统，轻松便捷地查询合议庭组成人员、案件开庭时间、地点等基本信息；全面开启网上跨域立案工作，真正做到了指尖一小步，便民一大步；在诉讼服务大厅，名字为“小豹”的机器人诉讼引导员，可以为当事人提供诉讼程序引导、案件信息查询、法规查询、法律咨询、开庭视频播放、风险评估等服务，同时还具备引领带路、人脸识别、主动询问、语音对话、拍照合影等功能，为来访当事人提供最新科技的智能化诉讼服务；推行网络视频调解室，在手机上下载人民法院调解平台，法官直接从视频中调解，让群众少跑路；打造集约化送达平台，为人民群众提供优质、高效、快捷、精准的诉讼服务，特别是大数据和云端的开发使用，实现了便民、利民、惠民的效果；在微信公众平台开通法院公众号、微法院小程序等当事人可以直接通过手机办理网上立案，案件信息查询等功能，极大地方便当事人随时随地查询各类案件信息；在法庭门前安装电子显示屏，滚动播出法庭纪律、当事人权利义务等相关信息；“12368”诉讼服务热线，及时为当事人提供高效服务；建设审判执行综合指挥中心，实现从最高院到基层法院的统一执行指挥，查询被执行人员的各种信息提高了执行案件地效率；配置巡回审判车辆，开展了“百场巡回审判、百场法治宣传”活动，减轻诉累，降低成本，让人民群众享受到了更便捷、更高效的司法服务；疫情防控期间，充分发挥信息化技术优势，进行网上“云开庭”，确保疫情防控和审判执行统筹开展。全面推进网络管理集约化以数字法院系统为依托，以时限管理为核心，以时限警示和节点冻结为内容，以法律、司法解释规定的审限为依据，对各类案件在立案、分案、审限管理、结案、执行、案卷归档等环节进行动态的监控、提示和督办，实现了数字化、系统化管理，并根据系统的监控数据，适时发布审判管理运行态势报告，认真分析工作中的不足，及时采取针对性的指导措施，确保审判工作科学、规范运行。目前，全州法院四级专网全部开通，基层法院派出法庭实现了简易视频传输、网上办案业务全覆盖、庭审录像、网上直播等功能大幅提高案件办理效力；在实现全程网上流转、网上审批的同时，同步生成电子卷宗，共计录入案件35656件，形成电子卷宗28978卷、45172册、2214805页。全州两级法院在甘肃法院网和中国裁判文书网上公开的裁判文书已经分别超过49770件，庭审直播11604件，实现了州中院案件数据全年份、全类型两个数字化全覆盖。全面推进防护体系安全化全州两级法院实行内、外网隔离制度，杜绝局域网电脑和外网电脑自由连接，保证了局域网的安全。修订了《保密工作手册》，全面加强对领导干部和干警的保密常识教育，提升干警自觉抵御失秘风险能力。对所有车辆均安装了GPS定位系统，进一步加强了警用车辆管理。建立了安全监控中心，在重要场所、敏感场所，安装了红外线摄像头，通过监控中心进行全天24小时、无死角实时监控。对非法进入审判办公区的人员，监控系统自动报警并拍照录像。安防信息系统与安检门、X光机等安防硬件设施并用，确保了审判、办公场所的安全。同时，我们把加强培训作为突破口，组织全州性培训30余次，外出培训、巡回培训、业务庭专项培训20余次。将精通计算机知识的年轻干警作为关键点优先强化培训，以点带面，使绝大多数干警都能熟练运用信息化系统。充分利用云平台，全部案件流程运行在云端、案件数据存储在云端，依靠安全可靠的存储服务、安全防护和数据灾备方案，保证核心数据安全，确保案件办理不受任何影响。
已完成聚类
[2.083000384556832, 62.464882191079475, 205.14930820557683, 81.55801759777873, 193.29571789003754]
[0.08241013885896514, 5.912729683183488, 4.123259716397608, 2.754076390311263, 3.0173317075640043, 49.09752222324399, 19.797532442556136, 32.966351879435955, 28.57420433950249, 11.75721431980892, 8.705329958959215, 20.518531023841078, 75.75558030580527, 10.74077821123908, 13.403509789552594]
[36.11157963639235, 67.70270505171817, 38.78970411663684, 74.11128994257611, 205.7436784752345, 66.35816652103158, 169.70941050975856, 198.50110374440106]
[37.73095635965892, 69.17408476987181, 151.74820229124188, 226.18251686635298]
近年来，临夏法院以打造“智慧化法院”为目标，深度推进诉讼服务现代化、审判辅助智能化、司法管理网络化，真正实现让数据“跑起来”，落实“向科技要效率”的工作思路，审判执行工作的效率、效果得到极大的提高，法官的司法行为得到了规范，司法透明度得到了进一步增强，人民群众的满意度得到有效提升
全力推进审判工作智能化
不断加大投入，全面完善基础设施，先后建成数字法院业务应用系统平台、审判执行综合指挥中心、“12368”诉讼服务热线、电子档案管理系统、科技法庭、数字化审委会系统、庭审直播、点播系统、远程视频接访系统、远程调解系统、审务督查系统、文书直报和文书校对系统、诉讼服务大厅建设、两个“一站式”建设等智能化办案平台，突出硬件建设、软件应用、安全保障等工作
在诉讼服务大厅，名字为“小豹”的机器人诉讼引导员，可以为当事人提供诉讼程序引导、案件信息查询、法规查询、法律咨询、开庭视频播放、风险评估等服务，同时还具备引领带路、人脸识别、主动询问、语音对话、拍照合影等功能，为来访当事人提供最新科技的智能化诉讼服务
---------------------------------
rouge_1=(0.012048192771084338, 0.5, 0.023529411764705882)
rouge_2=(0.0, 0.0, 0)
rouge_L=(0.004464285714285714, 0.15384615384615385, 0.004467935342305008)
2.txt---start---
title: 上海：执法规范化建设喜获“溢出效应”
filecontent: 以规范促发展，上海公安机关执法规范化建设喜获“溢出效应”――上海法治化营商环境持续优化，助力我国在世界银行《2020年营商环境报告》中的全球营商便利度排名从第78位跃升至第31位；上海民警讲法律、守规矩形象有口皆碑，人民群众安全感、满意度连续7年实现“双提升”。完善执法制度体系推动公安重点立法法者，治之端也。近年来，上海公安机关紧紧围绕法规规章、规范性文件、执法指引三个层面，持续强化制度供给，畅通法律落地执行的“最后一公里”。“针对刑事侦查打击及案件办理过程存在的问题，近5年我们先后制定了涉及管辖分工、办案机制、执法流程等方面的各类规范性文件53件，进一步规范执法行为，提升打击质效。”上海市公安局相关负责人介绍，市公安局与市高级人民法院、市人民检察院在法治框架下紧密协作，累计会签规范性文件15件，其中有些属全国首创。让一线民警知道做什么、怎么做、做到什么程度，是上海市公安局明晰执法指引工作的核心理念。锚定执法热点难点，动态满足执法需求，上海市公安局先后制定了涵盖185项执法任务、191个执法场景的《一线综合执法岗位通则》，把千变万化的执法场景具体化为流程清晰的行动步骤，嵌入手持式智能警务终端。特别是面对今年突如其来的新冠肺炎疫情，上海市公安局制定了防控处置执法指引16期，精确指导民警开展疫情防控各项工作。为固化公安执法实践经验，破解现实执法难题，为民警提供丰富的执法依据，上海市公安局积极推动公安重点立法，及时提请市人大、市政府制定修订法规规章，5年来制定、修订涉及公安执法领域的地方性法规、政府规章10余件，增强了民警的执法底气，涵养了市民的守法正气。智慧赋能执法监督不断优化政务服务在健全完善法制牵头、多警种参与的大监督格局基础上，上海公安机关充分依托智慧公安成果赋能，重构执法监督形态。“将执法监督与执法活动融为一体，把传统的事后抽样监督变为智能的全程全量监督，能够提醒办案人员及时修正执法瑕疵，避免执法问题。”上海市公安局相关负责人表示，打造执法办案全程监管闭环，实现全局各类执法办案系统的深度融合与重构，对公安执法活动形成全领域、全要素、全环节闭环监督。自2018年起，上海致力于完成275个以派出所为主、相关警种集中办案场所为辅的执法办案区智能化改造工作，有效杜绝了安全隐患，有力保障了犯罪嫌疑人合法权益。同时，积极探索涉案财物智能管理模式，在浦东、嘉定、金山等3个区设立了公检法共管的涉案财物智能管理中心，确保涉案财物管理的安全、精准、经济。智慧公安赋能执法监督，更赋能优化公安政务服务。上海以正在推进的“一网通办”为重点，不断拓展办事渠道、规范服务标准、提高服务质量，公安“一网通办”和政务公开综合评估绩效连续2年名列全市各单位第一名。上海公安机关将所有138项公安审批服务事项接入市政府“一网通办”平台和“随申办”移动应用，75项审批服务事项全流程在线办理，让群众随时、随手都能办；引入第三方支付方式，将涉及付费的事项全部接入市公共支付平台；聚焦整改群众反映集中的问题，不断提升政务服务质量，公安“一网通办”差评率从2018年上线初期的6.3%降至目前的0.06%。持续整治突出问题提升民警执法素养整治突出问题、提升执法能力，是推进执法规范化建设的“去腐生肌法”。“对执法突出问题不回避、不护短、不手软，做到一律核查、一律解剖、一律问责、一律通报。”上海市公安局对突出问题的态度决定了整治成效。2017年以来，上海公安机关因执法问题累计处理有责人员200余人，立案环节执法问题查实率从2017年的15.2%降至目前的0.86%，警情现场处置效率提升30%。针对粗暴执法、过度执法、软弱执法等问题，上海公安机关一方面教育广大民警注意执法方式方法，做到以法为据、以理服人、以情感人，并对各类投诉逐件核查，对查实的有责投诉严肃处理；一方面建立澄清保护机制，对侵害民警人身权益的一律依法严惩，第一时间查清诬告陷害民警的事实，第一时间为民警澄清正名，切实消除负面影响。“去腐”为先，“生肌”为要。上海公安机关坚持不懈开展执法培训，努力让每一个公安执法战斗员成为法制员。通过科学设置培训内容、丰富创新培训方式等手段，上海公安机关将以人民为中心的法治理念厚植民警心中，教育引导广大民警切实增强规范执法的思想自觉和行动自觉；开发3700余节情景式“微课程”，组织7560人次民警参与庭审观摩，依托智慧教室、直播课堂、移动端“警e学”等智能训练新载体，让民警随时、随地、随人、随事进行学习。上海市公安局民警累计在线学习各类执法课程450万余课次，“警e学”已成为全局最为活跃的执法培训学习渠道。目前，上海市公安局已全面实施岗位资格考试，做到人岗适配、能职匹配。全局4.9万余名在职民警取得基本级执法资格，434人取得高级执法资格，涌现出一批规范执法的示范样板，被网友称赞为“教科书式执法”。（记者 陈栩然）
已完成聚类
[92.14156058853874, 183.60824673564238, 181.42546550638812, 435.032554697298]
[139.30639089783043, 134.63926261234127, 191.55620886403145]
[0.3490718525309916, 1.9359379489544186, 17.803557450480966, 60.205605423304974, 66.60908986271976, 112.61675267789762, 3.6698747904442968, 16.828552798130147, 37.94853950862122, 79.91003642119547, 50.689932081779176]
[7.8886145826120035, 6.44584340504318, 9.629936501857435, 16.86874867853296, 38.475013345390295, 80.2365505842964, 377.7437439356951, 385.6135019252533]
[8.206528745965795, 39.3906123941518, 100.4537204892191, 134.33586549975033, 219.19883642300877, 226.32953409989304]
[10.630052164696286, 22.585674504300627, 10.484872810804001, 11.37379163557761, 15.01522561841156, 27.814095943602087, 63.5826656085658, 102.1034657473095, 61.28264585720354]
以规范促发展，上海公安机关执法规范化建设喜获“溢出效应”――上海法治化营商环境持续优化，助力我国在世界银行《2020年营商环境报告》中的全球营商便利度排名从第78位跃升至第31位
完善执法制度体系
法者，治之端也
让一线民警知道做什么、怎么做、做到什么程度，是上海市公安局明晰执法指引工作的核心理念
特别是面对今年突如其来的新冠肺炎疫情，上海市公安局制定了防控处置执法指引16期，精确指导民警开展疫情防控各项工作
上海以正在推进的“一网通办”为重点，不断拓展办事渠道、规范服务标准、提高服务质量，公安“一网通办”和政务公开综合评估绩效连续2年名列全市各单位第一名
---------------------------------
rouge_1=(0.059602649006622516, 0.9, 0.11180124223602485)
rouge_2=(0.04666666666666667, 0.7777777777777778, 0.08805031446540881)
rouge_L=(0.05434782608695652, 0.8333333333333334, 0.05456384550537968)
3.txt---start---
title: 福建法院以信息化手段破解疫情期间审判难题
filecontent: 一个多月来，全省法院充分运用信息化和智慧法院建设成果，妥善回应因疫情影响群众诉讼的各类问题，引导当事人通过网上立案、诉讼、调解，跨区域远程办理诉讼事项。对于申请执行人申请执行的，省法院要求各地不再强制要求其提供法律文书生效证明，尽可能为申请人提供便利。数据显示，2月3日至3月5日，全省法院通过网上立案5545件，网上开庭2128件，网上调解1964件；全省12368诉讼服务热线累计接听29112人次。网上执行不打烊“有了这些钱，工人的工资就有着落，买材料的钱也有了。我们对企业复工复产更有信心了。”近日，申请人郑某到石狮市人民法院办理好案款领取手续后，对本案法官林镇中这样说。原来，在疫情防控期间，郑某经营的工厂接到数批关于制作疫情防控宣传标语、胸卡等的订单。但苦于经费紧张，工人工资及材料款无法筹措。郑某想起去年年底向石狮法院申请强制执行石狮某房地产公司予以返还60万元购房款一案，便通过石狮法院执行沟通平台询问案件进展情况。案件承办人林镇中看到郑某的留言后，再次启动对石狮某房地产公司的财产查控程序，发现该公司近期在某银行存入一笔款项，遂立即予以冻结扣划。这笔款项到位，为郑某解了燃眉之急。疫情防控期间，福建法院以线上执行、隔空执行为主，全面推行“网上办公、智慧执行”无接触执行模式，利用执行“总对总”系统对被执行人财产进行网络集中查控。为确保查控财产不流失，全省各地法院执行指挥中心高速运转。值班人员每天将执行大数据系统的分析统计结果，向承办法官推动查控节点临界的预警信息。同时，广泛使用电话、微信、短信等方式督促被执行人主动履行义务，确保执行工作不停摆、执行措施不断线。值得一提的是，全省法院还针对疫情防控期间被执行人财产处置采取灵活的变通措施。长乐、建宁等地法院创新地将VR虚拟全景展示技术运用在了司法拍卖上，让竞买者足不出户也能完成房屋验收，既减少疫情防控期间的人员聚集，又提高了拍卖的成交率，节约司法资源。“云上”办案显高效“原告，你那里信号啥样？”“很清楚。”“被告能听清吗？”“可以的，没问题。”“请保持网络畅通，我们的调解马上就要开始……”2月24日，一场线上“隔空”调解在罗源县人民法院法官汪孟的指导下有条不紊地进行着。而此时汪孟因请了探亲假，正身在湖北省随州市老家。突如其来的疫情打乱了她的返岗计划，为保障当事人的诉讼权利，不耽误审判工作，汪孟开启居家办公的工作模式。她引导当事人登录“福建移动微法院”小程序，经过一个多小时的释法说理和有序引导，原被告双方就调解方案达成一致意见。疫情中，传统的线下审判模式面临着人员大量聚集的风险。为此，福建法院积极探索“云”审判新路径，运用好各类远程庭审平台。据省法院网信办负责人介绍，2019年8月上线的“福建移动微法院”，让“云办案”“云调解”“云听证”等审判模式成为现实。依托“福建移动微法院”微信小程序中“掌上法庭”的多方视频功能，案件承办人、合议庭、书记员及当事人，在进行严格的实名和身份认证程序后，可在任一地点通过联网的手机、平板电脑进行远程视频调解、听证或简易庭审。而针对刑事案件开庭的特殊性，福建法院充分运用走在全国法院前列的“科技法庭”建设成果，实现了法院与公安看守所之间的远程视频提讯、远程视频庭审。2月24日，莆田市首例涉疫情诈骗案在仙游县人民法院开庭审理。与以往不同的是，因疫情防控需要，被告人并未提押到庭，而是在当地看守所里通过远程视频参加庭审。仙游法院经“隔空”开庭审理，依法以诈骗罪判处被告人黄某某有期徒刑二年二个月，并处罚金人民币6400元。3月4日，福鼎法院以同样的方式开庭审理一起破坏野生动物资源犯罪案件。法庭经审理以非法狩猎罪从重从快判处被告人黄某有期徒刑一年。值得一提的是,该案从受理到审结仅用2天。“云上”办案既满足开庭审理亲历性的要求，又实现了庭审全过程的同步录音录像，使得庭审可追溯、可还原、可监督，倒逼着司法审判的公开透明与高效。
已完成聚类
[375.46493280380304]
[147.6933896361714]
[3.6220747980376142, 2.5394946629902617, 7.763400395533258, 79.92404222481667, 16.796801531039765, 81.84535128711187]
[0.6557389633063934, 14.850330303025205, 37.650043966632225, 48.68190250245852, 55.22776077580943, 82.46822700381728, 109.1778513168021, 57.255694068670536, 102.00743924047, 124.38969298046246, 52.267378862464334, 167.42548666679357, 191.45016595501252, 99.8323579433033, 192.50646904142906, 263.59810271941984, 232.73133330992331, 190.19274516828705, 199.85249284176402]
[10.75235305492475, 17.76419097602202, 14.72837120335142, 94.39362108969364, 133.16902335858487, 182.22380246603512, 273.22306789668875, 113.93068118973208]
[91.76581399097907, 286.41557911682554, 303.64817411748595, 316.8159865855281, 347.52757326919425, 442.7603689515356, 502.69800117271853]
一个多月来，全省法院充分运用信息化和智慧法院建设成果，妥善回应因疫情影响群众诉讼的各类问题，引导当事人通过网上立案、诉讼、调解，跨区域远程办理诉讼事项
对于申请执行人申请执行的，省法院要求各地不再强制要求其提供法律文书生效证明，尽可能为申请人提供便利
我们对企业复工复产更有信心了
长乐、建宁等地法院创新地将VR虚拟全景展示技术运用在了司法拍卖上，让竞买者足不出户也能完成房屋验收，既减少疫情防控期间的人员聚集，又提高了拍卖的成交率，节约司法资源
“云上”办案显高效
“云上”办案既满足开庭审理亲历性的要求，又实现了庭审全过程的同步录音录像，使得庭审可追溯、可还原、可监督，倒逼着司法审判的公开透明与高效
---------------------------------
rouge_1=(0.029239766081871343, 0.5, 0.05524861878453039)
rouge_2=(0.0, 0.0, 0)
rouge_L=(0.010101010101010102, 0.15, 0.01014371395310728)
4.txt---start---
title: 北京法院整合智慧司法资源推进审执工作纪实
filecontent: ――北京法院整合智慧司法资源推进审执工作纪实新冠肺炎疫情蔓延期间，为有效确保疫情防控与审执业务“两不误”，北京法院充分整合智慧司法资源，综合运用各项线上司法工具，推动实现立案、缴费、送达、调解、审判、执行全程网上办理，真正做到诉讼活动“不停摆”，司法服务“不打折”，为全力打赢疫情防控阻击战提供有力司法保障。足不出户打官司遥遥千里对公堂日前，北京市首起涉疫情不可抗力抗辩租赁案在西城区人民法院开庭。只见法庭里只有承办法官及书记员两个人，原告席与被告席空无一人。“现在我们通过视频庭审系统开庭审理此案，原、被告双方都能听清吗？”西城区法院立案庭速裁法官韩永飞的一句话，拉开了这场“云审判”的帷幕。“我本打算春节期间好好经营挣点钱，没想到发生了疫情，店里没有客人，经营困难。”被告孙女士表示，“我认为此次疫情属于不可抗力，我要求解除合同，或者调低租金。”互联网突破了疫情的阻隔，陈述、答辩、举证、质证，全部庭审流程一丝不苟地进行。在全面听取双方意见并固定证据后，韩永飞从案件事实和疫情防控角度为双方释法析理。最终，双方各退一步，握手言和。在线开庭仅用了一个小时，双方对结果都很满意。“这种‘足不出户打官司’的情形在疫情期间的北京法院十分常见，而这一切都得益于北京法院建设的视频庭审平台‘北京云法庭’。”北京市高级人民法院信息技术处处长助理李响介绍说，“北京云法庭”不仅可以实现多方视频开庭、多个平台互联，而且还能进行智能庭审管理，提供案件信息同步、庭审过程记录、庭审身份核实、庭审笔录生成、电子证据上传、举证质证等综合服务。山河异地，诉讼同屏。在“北京云法庭”的帮助下，北京市第二中级人民法院三地六路信号审理了一起上诉案件，北京市第三中级人民法院四方跨国同时连线对案件管辖问题进行视频询问，海淀区人民法院八人八处打破地理空间界限“云上”庭审……“北京法院最大限度内避免当事人因庭审活动而聚集，更好地保障人民群众生命健康安全。”李响说。2月3日至今，北京法院利用“北京云法庭”网上开庭达7982次，涉及案件已破万件。从过去亲身对簿公堂，“当面锣，对面鼓”，到如今远程“云上”审判，“此一时，彼一时”，依托互联网和云计算技术，北京法院规范网上审判流程，实现了在线司法的公平正义。二十四时全天候线上通道畅无忧疫情期间，北京法院的门前虽然少了车水马龙，人来人往，但网络空间里却是如火如荼、方兴未艾。全市法院通过搭建网上便捷通道、升级网上立案系统，真正做到二十四小时全天候提供司法服务。“为了实现不跑腿、少聚集、防传染的目标，我们努力构建起热线电话与网络平台相结合的立体化便捷通道，最大限度为当事人和律师参与诉讼提供便利和保障。”北京高院诉服办主任邓颖说。据她介绍，全市法院紧急增开35条诉讼服务专线，打通“网、线、微”联系法官通道，积极回应因疫情影响参与诉讼的各类问题。同时，为实现纠纷矛盾有诉必应，确保立案审判工作的顺利进行，北京法院及时转变立案方式、规范立案流程。全市法院民商事执行案件的网上预约立案全部改为网上直接立案，严格办理时限，统一新增并对外公布全市法院51名立案联系人的姓名及联系电话，建立精准化在线立案咨询机制。记者注意到，北京法院还充分延伸审判职能，在疫情期间积极开展“云普法”“云发布”等活动。2月27日上午，一场别开生面的“巡回讲堂”以在线直播的方式开展，昌平区人民法院法官朱晋华、高琳琳为中关村科技园区昌平园的220余家企业在线培训，讲解疫情期间合同履行和企业用工需要注意的具体法律问题，帮助企业提前研判潜在风险，合理应对法律纠纷。“方便”“解渴”“管用”……直播间内留言更迭，弹幕纷飞，十分热闹。此外，北京市第一中级人民法院、北京市第四中级人民法院、石景山区人民法院、房山区人民法院等也积极运用线上发布会的形式，结合疫情风险及法律应对等主题，发布相关白皮书，受到媒体广泛关注。自2月3日至今，北京法院网上诉讼服务接待22581件次，通过“集约送达一体化平台”和“对外委托一体化平台”，发送电子送达15362件，审核各类鉴定评估案件300件；网上立案13984件，立案庭线上调解4200件次，电话调解15532件次。使命必达云推进执行工作微创新2月25日下午，东城区人民法院执行法官郭海宁接到申请执行人电话，称一个和解案件中对方当事人的保全账户冻结期限到2月底就届满了，申请法院尽快进行异地续冻。一方面是特殊时期外出执行受到限制，一方面是案件当事人合法权益维护迫在眉睫。“如不想办法立即续冻8000万元执行标的额的银行账户，可能给申请执行人造成巨额损失。”郭海宁说。为此，他第一时间与账户冻结银行负责人员进行了联系，通过电子邮件方式送达了执行文书和工作证扫描件。2月26日，8000万元执行标的额的银行账户顺利在线完成续冻。通过远程方式畅通“不见面”办理渠道，郭海宁此次紧急续冻异地银行账户用时仅一天。这仅是疫情期间北京法院异地执行工作的一个缩影。北京法院的执行智慧不仅体现在个人，更体现在执行信息化建设上。2月3日，北京法院专门同北京市公安交通管理局车辆管理所合作共建全市首个“机动车专线查封系统”，打破传统“登门临柜”的机动车查控方式，推动防疫期间执行工作从“面对面”到“网对网”的转变，在有效减少疫情期间人员流动和聚集的同时，强化了涉案机动车查、续、解封的即时性和便捷性。据统计，该系统2月份已完成全市法院285次车辆查、续、解封操作，并协助外省市法院完成相关操作65次，平均办理用时缩短了近10个工作日，大大降低了被执行人转移财产的风险，确保了胜诉当事人合法权益的及时高效兑现。此外，全市法院在执行财产处置程序方面也结合疫情防控的实际情况进行了大力创新。北京高院执行局在司法拍卖程序中，引入并推广VR技术，涉案财产通过3D场景360度进行展示，意向竞买人不仅可以直接在司法网络拍卖平台观看涉案标的物，还能通过网上直播获取法院拍卖财产的信息、竞买注意事项和线上答疑解惑等司法便民服务。据了解，仅2月份不到一个月的时间，全市法院依法办结各类执行案件2250件，线上谈话累计1857人次，线上采取执行措施累计9491次。北京高院通过“执行事项委托系统”，指导全市法院办理外地法院各类事项委托431件。关山非难越，“云”上度若飞。疫情防控期间，北京法院充分利用信息化方式提供各项司法服务，大开智慧法院方便之门，将维护自身合法权益的当事人与人民法院紧紧联系在一起，用创新信息技术急人所急，以优质司法服务将心比心。（赵岩 王元义）
已完成聚类
[391.05731800057106, 1070.9350847112014, 1313.9348908591433]
[3.251008133418735, 19.17335522685774, 49.23391683705573, 61.647899031159355, 82.52225070974735, 93.54703524362087, 94.1856341208675, 25.945560446986157, 35.86922381167933, 37.7451884967919, 133.2204557939699, 155.21656238534501, 170.95789617683047, 60.464624729366626, 207.0369952574702, 213.6212524606929, 324.6401302787018, 260.91625515733574, 272.0816014273314, 277.9956044484215, 94.91628999103847]
[1.2312257172152934, 21.643215817355, 20.793619632139357, 63.806244998274586, 86.95616292671707, 120.20963123730998, 152.48135834625, 179.23243605277844, 117.39718440872831, 230.84675651753773, 177.20150174832673, 229.39500119254873]
[0.007641844064784053, 13.045038214580087, 28.069958844263127, 14.740050613279385, 5.254308350884219]
[104.90994914408459, 165.55631683731835, 289.45943216390356, 142.867465217206]
[608.3177398716091, 682.9151775013734]
[1.7408990118967684, 9.803517279964668, 22.598943276906333, 48.488928043233834, 38.93707450947362, 83.48231796068866]
[253.35779343857888, 188.09100714117122, 278.9359466279372, 221.2540620150014, 315.90490703016775, 380.537953954481]
――北京法院整合智慧司法资源推进审执工作纪实
新冠肺炎疫情蔓延期间，为有效确保疫情防控与审执业务“两不误”，北京法院充分整合智慧司法资源，综合运用各项线上司法工具，推动实现立案、缴费、送达、调解、审判、执行全程网上办理，真正做到诉讼活动“不停摆”，司法服务“不打折”，为全力打赢疫情防控阻击战提供有力司法保障
足不出户打官司
遥遥千里对公堂
互联网突破了疫情的阻隔，陈述、答辩、举证、质证，全部庭审流程一丝不苟地进行
在“北京云法庭”的帮助下，北京市第二中级人民法院三地六路信号审理了一起上诉案件，北京市第三中级人民法院四方跨国同时连线对案件管辖问题进行视频询问，海淀区人民法院八人八处打破地理空间界限“云上”庭审……“北京法院最大限度内避免当事人因庭审活动而聚集，更好地保障人民群众生命健康安全
全市法院民商事执行案件的网上预约立案全部改为网上直接立案，严格办理时限，统一新增并对外公布全市法院51名立案联系人的姓名及联系电话，建立精准化在线立案咨询机制
为此，他第一时间与账户冻结银行负责人员进行了联系，通过电子邮件方式送达了执行文书和工作证扫描件
---------------------------------
rouge_1=(0.03937007874015748, 1.0, 0.07575757575757576)
rouge_2=(0.05533596837944664, 1.0, 0.10486891385767791)
rouge_L=(0.042643923240938165, 1.0, 0.042718157767537956)
5.txt---start---
title: 泰州法院“五化”齐发力融入网格化社会治理
filecontent: 